<?xml version="1.0" encoding="UTF-8"?>
<!-- Generated by org.testng.reporters.JUnitReportReporter -->
<testsuite name="setuptest.TestClass" tests="1" time="54.775" ignored="0" failures="0" timestamp="28 Oct 2017 18:52:43 GMT" skipped="0" hostname="Home" errors="0">
  <testcase name="login" time="54.775" classname="setuptest.TestClass"/>
</testsuite> <!-- setuptest.TestClass -->
