<?xml version="1.0" encoding="UTF-8"?>
<!-- Generated by org.testng.reporters.JUnitReportReporter -->
<testsuite name="setuptest.TestClass" tests="1" time="1.998" ignored="0" failures="0" timestamp="29 Oct 2017 04:35:16 GMT" skipped="0" hostname="Home" errors="0">
  <testcase name="login" time="1.998" classname="setuptest.TestClass"/>
</testsuite> <!-- setuptest.TestClass -->
